<?xml version="1.0" encoding="UTF-8"?>
<!-- Generated by org.testng.reporters.JUnitReportReporter -->
<testsuite hostname="demo" failures="0" tests="1" name="testCases.TC_001_AccountRegistartionAccount" time="1.668" errors="0" timestamp="2025-03-12T11:06:18 IST" skipped="0">
  <testcase classname="testCases.TC_001_AccountRegistartionAccount" name="verify_account_registration" time="1.668"/>
</testsuite> <!-- testCases.TC_001_AccountRegistartionAccount -->
